Using device cpu
Network params:
	Input size: 98
	Num layers: 2
	Hidden size: 128
	Learning rate: 0.0001
	Batch size: 16
	Num epochs: 100
Building GlossDataset...
Building model...
Building DataLoaders...
Beginning training...
Using device cuda
Network params:
	Input size: 98
	Num layers: 2
	Hidden size: 128
	Learning rate: 0.0001
	Batch size: 16
	Num epochs: 100
Building GlossDataset...
Building model...
Building DataLoaders...
Beginning training...
Epoch [1/100], Loss: 6.5135

==============
STARTING TRAIN

==============
Using device cuda
Network params:
	Input size: 98
	Num layers: 2
	Hidden size: 128
	Learning rate: 0.0001
	Batch size: 16
	Num epochs: 100
Building GlossDataset...
Building model...
Building DataLoaders...
Beginning training...
Epoch [1/100], Loss: 6.5129

==============
STARTING TRAIN

==============
Using device cuda
Network params:
	Input size: 98
	Num layers: 2
	Hidden size: 128
	Learning rate: 0.0001
	Batch size: 16
	Num epochs: 100
Building GlossDataset...
Building model...
Building DataLoaders...
Beginning training...
Epoch [1/100], Loss: 6.4755

==============
STARTING TRAIN

==============
Using device cuda
Network params:
	Input size: 98
	Num layers: 2
	Hidden size: 128
	Learning rate: 0.0001
	Batch size: 16
	Num epochs: 100
Building GlossDataset...
Building model...
Building DataLoaders...
Beginning training...
Epoch [1/100], Loss: 6.4721
Valid acc: 0.2275%
Valid loss: 6.5160

==============
STARTING TRAIN

==============
Using device cuda
Network params:
	Input size: 98
	Num layers: 2
	Hidden size: 128
	Learning rate: 0.0001
	Batch size: 16
	Num epochs: 100
Building GlossDataset...
Building model...
Building DataLoaders...
Beginning training...
Epoch [1/100], Loss: 6.5783
Valid acc: 0.2275%
Valid loss: 6.5147
Epoch [2/100], Loss: 6.4767
Valid acc: 0.1138%
Valid loss: 6.5119
Epoch [3/100], Loss: 6.3998
Valid acc: 0.0000%
Valid loss: 6.4987
Epoch [4/100], Loss: 6.3019
Valid acc: 0.0000%
Valid loss: 6.4473
Epoch [5/100], Loss: 6.1895
Valid acc: 0.1138%
Valid loss: 6.3930
Epoch [6/100], Loss: 6.0024
Valid acc: 0.0000%
Valid loss: 6.3597
Epoch [7/100], Loss: 6.2212
Valid acc: 0.1138%
Valid loss: 6.3703
Epoch [8/100], Loss: 6.1289
Valid acc: 0.2275%
Valid loss: 6.3464
Epoch [9/100], Loss: 6.1484
Valid acc: 0.3413%
Valid loss: 6.3298
Epoch [10/100], Loss: 5.7263
Valid acc: 0.3413%
Valid loss: 6.3550
Epoch [11/100], Loss: 6.1055
Valid acc: 0.3413%
Valid loss: 6.3376
Epoch [12/100], Loss: 5.8439
Valid acc: 0.2275%
Valid loss: 6.3503
Epoch [13/100], Loss: 6.1423
Valid acc: 0.2275%
Valid loss: 6.3565
Epoch [14/100], Loss: 5.9271
Valid acc: 0.2275%
Valid loss: 6.3344
Stopping early
Saving model...
done.
